[INFO] Scanning for projects...
[WARNING] 
[WARNING] Some problems were encountered while building the effective model for com.workers:workers:jar:1.0-SNAPSHOT
[WARNING] 'dependencies.dependency.(groupId:artifactId:type:classifier)' must be unique: net.sourceforge.htmlunit:htmlunit:jar -> duplicate declaration of version 2.15 @ line 246, column 15
[WARNING] 
[WARNING] It is highly recommended to fix these problems because they threaten the stability of your build.
[WARNING] 
[WARNING] For this reason, future Maven versions might no longer support building such malformed projects.
[WARNING] 
[INFO]                                                                         
[INFO] ------------------------------------------------------------------------
[INFO] Building workers 1.0-SNAPSHOT
[INFO] ------------------------------------------------------------------------
[INFO] 
[INFO] --- exec-maven-plugin:1.4.0:java (default-cli) @ workers ---
starting producer with ip : localhost
starting producer with ip : localhost
starting producer with ip : localhost
2015-11-09 14:40:57,415 [pool-2-thread-1] ERROR   - Messages read : 1
ERROR [] Messages read : 1
0 [pool-2-thread-1] ERROR   - Messages read : 1
search by Brand+MPN : "CR Laurence" MLST1202U
search by title : "CRL Standard Double Door Unmonitored Electromagnetic Lock"
quering by :"CR Laurence" MLST1202U
1426825447309000650 titles:   C.R. LAURENCE Crl Standard Double Door Unmonitored Electromagnetic Lockfrom 4 stores
2015-11-09 14:41:07,307 [pool-2-thread-1] ERROR   - SEARCH TITLE : "CRL Standard Double Door Unmonitored Electromagnetic Lock"
ERROR [] SEARCH TITLE : "CRL Standard Double Door Unmonitored Electromagnetic Lock"
9892 [pool-2-thread-1] ERROR   - SEARCH TITLE : "CRL Standard Double Door Unmonitored Electromagnetic Lock"
2015-11-09 14:41:07,308 [pool-2-thread-1] ERROR   - Messages with search results : 1
ERROR [] Messages with search results : 1
9893 [pool-2-thread-1] ERROR   - Messages with search results : 1
2015-11-09 14:41:14,750 [pool-2-thread-1] ERROR   - Messages with competitors : 1
SEARCH ID : 1426825447309000650 Num Competitors : 4
ERROR [] Messages with competitors : 1
SEARCH ID : 1426825447309000650 Num Competitors : 4
17335 [pool-2-thread-1] ERROR   - Messages with competitors : 1
SEARCH ID : 1426825447309000650 Num Competitors : 4
2015-11-09 14:41:14,840 [pool-2-thread-1] ERROR   - Search results writen to ggl topic : 1
ERROR [] Search results writen to ggl topic : 1
17425 [pool-2-thread-1] ERROR   - Search results writen to ggl topic : 1
2015-11-09 14:41:14,850 [pool-2-thread-1] ERROR   - Competitor results writen to preseeds topic : 1
ERROR [] Competitor results writen to preseeds topic : 1
17435 [pool-2-thread-1] ERROR   - Competitor results writen to preseeds topic : 1
2015-11-09 14:41:14,858 [pool-2-thread-1] ERROR   - Competitor results writen to preseeds topic : 2
ERROR [] Competitor results writen to preseeds topic : 2
17443 [pool-2-thread-1] ERROR   - Competitor results writen to preseeds topic : 2
2015-11-09 14:41:14,867 [pool-2-thread-1] ERROR   - Competitor results writen to preseeds topic : 3
ERROR [] Competitor results writen to preseeds topic : 3
17452 [pool-2-thread-1] ERROR   - Competitor results writen to preseeds topic : 3
2015-11-09 14:41:14,874 [pool-2-thread-1] ERROR   - Competitor results writen to preseeds topic : 4
ERROR [] Competitor results writen to preseeds topic : 4
17459 [pool-2-thread-1] ERROR   - Competitor results writen to preseeds topic : 4
2015-11-09 14:41:14,875 [pool-2-thread-1] ERROR   - Messages read : 2
ERROR [] Messages read : 2
17460 [pool-2-thread-1] ERROR   - Messages read : 2
search by Brand+MPN : "CR Laurence" TP743
search by title : "CRL Chrome Inswing Strike and Keeper for Square Moldings Installations on Partitions"
quering by :"CR Laurence" TP743
10021454166314195600 titles:   CR Laurence Chrome Inswing Strike and Keeper for Square Moldings Installations on Partitionsfrom 5+ stores
2015-11-09 14:41:23,130 [pool-2-thread-1] ERROR   - SEARCH TITLE : "CRL Chrome Inswing Strike and Keeper for Square Moldings Installations on Partitions"
ERROR [] SEARCH TITLE : "CRL Chrome Inswing Strike and Keeper for Square Moldings Installations on Partitions"
25715 [pool-2-thread-1] ERROR   - SEARCH TITLE : "CRL Chrome Inswing Strike and Keeper for Square Moldings Installations on Partitions"
2015-11-09 14:41:23,130 [pool-2-thread-1] ERROR   - Messages with search results : 2
ERROR [] Messages with search results : 2
25715 [pool-2-thread-1] ERROR   - Messages with search results : 2
2015-11-09 14:41:31,345 [pool-2-thread-1] ERROR   - Messages with competitors : 2
SEARCH ID : 10021454166314195600 Num Competitors : 6
ERROR [] Messages with competitors : 2
SEARCH ID : 10021454166314195600 Num Competitors : 6
33930 [pool-2-thread-1] ERROR   - Messages with competitors : 2
SEARCH ID : 10021454166314195600 Num Competitors : 6
2015-11-09 14:41:31,353 [pool-2-thread-1] ERROR   - Search results writen to ggl topic : 2
ERROR [] Search results writen to ggl topic : 2
33938 [pool-2-thread-1] ERROR   - Search results writen to ggl topic : 2
2015-11-09 14:41:31,360 [pool-2-thread-1] ERROR   - Competitor results writen to preseeds topic : 5
ERROR [] Competitor results writen to preseeds topic : 5
33945 [pool-2-thread-1] ERROR   - Competitor results writen to preseeds topic : 5
2015-11-09 14:41:31,368 [pool-2-thread-1] ERROR   - Competitor results writen to preseeds topic : 6
ERROR [] Competitor results writen to preseeds topic : 6
33953 [pool-2-thread-1] ERROR   - Competitor results writen to preseeds topic : 6
2015-11-09 14:41:31,376 [pool-2-thread-1] ERROR   - Competitor results writen to preseeds topic : 7
ERROR [] Competitor results writen to preseeds topic : 7
33961 [pool-2-thread-1] ERROR   - Competitor results writen to preseeds topic : 7
2015-11-09 14:41:31,383 [pool-2-thread-1] ERROR   - Competitor results writen to preseeds topic : 8
ERROR [] Competitor results writen to preseeds topic : 8
33968 [pool-2-thread-1] ERROR   - Competitor results writen to preseeds topic : 8
2015-11-09 14:41:31,390 [pool-2-thread-1] ERROR   - Competitor results writen to preseeds topic : 9
ERROR [] Competitor results writen to preseeds topic : 9
33975 [pool-2-thread-1] ERROR   - Competitor results writen to preseeds topic : 9
2015-11-09 14:41:31,397 [pool-2-thread-1] ERROR   - Competitor results writen to preseeds topic : 10
ERROR [] Competitor results writen to preseeds topic : 10
33982 [pool-2-thread-1] ERROR   - Competitor results writen to preseeds topic : 10
2015-11-09 14:41:31,398 [pool-2-thread-1] ERROR   - Messages read : 3
ERROR [] Messages read : 3
33983 [pool-2-thread-1] ERROR   - Messages read : 3
search by Brand+MPN : "CR Laurence" W510C
search by title : "CRL .375in Adjustable Astragal Replacement Pile Weatherstrip - 100' Roll"
quering by :"CR Laurence" W510C
1711951714109481263 titles:   CR Laurence .375" Adjustable Astragal Replacement Pile Weatherstrip - 100' Rollfrom 3 stores
2015-11-09 14:41:38,897 [pool-2-thread-1] ERROR   - SEARCH TITLE : "CRL .375in Adjustable Astragal Replacement Pile Weatherstrip - 100' Roll"
ERROR [] SEARCH TITLE : "CRL .375in Adjustable Astragal Replacement Pile Weatherstrip - 100' Roll"
41482 [pool-2-thread-1] ERROR   - SEARCH TITLE : "CRL .375in Adjustable Astragal Replacement Pile Weatherstrip - 100' Roll"
2015-11-09 14:41:38,897 [pool-2-thread-1] ERROR   - Messages with search results : 3
ERROR [] Messages with search results : 3
41482 [pool-2-thread-1] ERROR   - Messages with search results : 3
2015-11-09 14:41:43,180 [pool-2-thread-1] ERROR   - Messages with competitors : 3
SEARCH ID : 1711951714109481263 Num Competitors : 3
ERROR [] Messages with competitors : 3
SEARCH ID : 1711951714109481263 Num Competitors : 3
45765 [pool-2-thread-1] ERROR   - Messages with competitors : 3
SEARCH ID : 1711951714109481263 Num Competitors : 3
2015-11-09 14:41:43,188 [pool-2-thread-1] ERROR   - Search results writen to ggl topic : 3
ERROR [] Search results writen to ggl topic : 3
45773 [pool-2-thread-1] ERROR   - Search results writen to ggl topic : 3
2015-11-09 14:41:43,195 [pool-2-thread-1] ERROR   - Competitor results writen to preseeds topic : 11
ERROR [] Competitor results writen to preseeds topic : 11
45780 [pool-2-thread-1] ERROR   - Competitor results writen to preseeds topic : 11
2015-11-09 14:41:43,202 [pool-2-thread-1] ERROR   - Competitor results writen to preseeds topic : 12
ERROR [] Competitor results writen to preseeds topic : 12
45787 [pool-2-thread-1] ERROR   - Competitor results writen to preseeds topic : 12
2015-11-09 14:41:43,209 [pool-2-thread-1] ERROR   - Competitor results writen to preseeds topic : 13
ERROR [] Competitor results writen to preseeds topic : 13
45794 [pool-2-thread-1] ERROR   - Competitor results writen to preseeds topic : 13
2015-11-09 14:41:43,210 [pool-2-thread-1] ERROR   - Messages read : 4
ERROR [] Messages read : 4
45795 [pool-2-thread-1] ERROR   - Messages read : 4
search by Brand+MPN : "CR Laurence" 700A12X12
search by title : "CRL 700A Series 12in x 12in Door Louver"
quering by :"CR Laurence" 700A12X12
7040896529040573758 titles:   CR Laurence 700A Series 12" x 12" Door Louverfrom 2 stores
2015-11-09 14:41:51,258 [pool-2-thread-1] ERROR   - SEARCH TITLE : "CRL 700A Series 12in x 12in Door Louver"
ERROR [] SEARCH TITLE : "CRL 700A Series 12in x 12in Door Louver"
53843 [pool-2-thread-1] ERROR   - SEARCH TITLE : "CRL 700A Series 12in x 12in Door Louver"
2015-11-09 14:41:51,258 [pool-2-thread-1] ERROR   - Messages with search results : 4
ERROR [] Messages with search results : 4
53843 [pool-2-thread-1] ERROR   - Messages with search results : 4
2015-11-09 14:41:54,980 [pool-2-thread-1] ERROR   - Messages with competitors : 4
SEARCH ID : 7040896529040573758 Num Competitors : 2
ERROR [] Messages with competitors : 4
SEARCH ID : 7040896529040573758 Num Competitors : 2
57565 [pool-2-thread-1] ERROR   - Messages with competitors : 4
SEARCH ID : 7040896529040573758 Num Competitors : 2
2015-11-09 14:41:54,987 [pool-2-thread-1] ERROR   - Search results writen to ggl topic : 4
ERROR [] Search results writen to ggl topic : 4
57572 [pool-2-thread-1] ERROR   - Search results writen to ggl topic : 4
2015-11-09 14:41:54,995 [pool-2-thread-1] ERROR   - Competitor results writen to preseeds topic : 14
ERROR [] Competitor results writen to preseeds topic : 14
57580 [pool-2-thread-1] ERROR   - Competitor results writen to preseeds topic : 14
2015-11-09 14:41:55,002 [pool-2-thread-1] ERROR   - Competitor results writen to preseeds topic : 15
ERROR [] Competitor results writen to preseeds topic : 15
57587 [pool-2-thread-1] ERROR   - Competitor results writen to preseeds topic : 15
2015-11-09 14:41:55,003 [pool-2-thread-1] ERROR   - Messages read : 5
ERROR [] Messages read : 5
57588 [pool-2-thread-1] ERROR   - Messages read : 5
search by Brand+MPN : "CR Laurence" SCW103N
search by title : "CRL Satin Anodized Cashier Window Unit"
quering by :"CR Laurence" SCW103N
18337059475937922216 titles:   CR Laurence Satin Anodized Cashier Window Unitfrom 3 stores
2015-11-09 14:42:02,372 [pool-2-thread-1] ERROR   - SEARCH TITLE : "CRL Satin Anodized Cashier Window Unit"
ERROR [] SEARCH TITLE : "CRL Satin Anodized Cashier Window Unit"
64957 [pool-2-thread-1] ERROR   - SEARCH TITLE : "CRL Satin Anodized Cashier Window Unit"
2015-11-09 14:42:02,372 [pool-2-thread-1] ERROR   - Messages with search results : 5
ERROR [] Messages with search results : 5
64957 [pool-2-thread-1] ERROR   - Messages with search results : 5
2015-11-09 14:42:06,356 [pool-2-thread-1] ERROR   - Messages with competitors : 5
SEARCH ID : 18337059475937922216 Num Competitors : 3
ERROR [] Messages with competitors : 5
SEARCH ID : 18337059475937922216 Num Competitors : 3
68941 [pool-2-thread-1] ERROR   - Messages with competitors : 5
SEARCH ID : 18337059475937922216 Num Competitors : 3
2015-11-09 14:42:06,364 [pool-2-thread-1] ERROR   - Search results writen to ggl topic : 5
ERROR [] Search results writen to ggl topic : 5
68949 [pool-2-thread-1] ERROR   - Search results writen to ggl topic : 5
2015-11-09 14:42:06,371 [pool-2-thread-1] ERROR   - Competitor results writen to preseeds topic : 16
ERROR [] Competitor results writen to preseeds topic : 16
68956 [pool-2-thread-1] ERROR   - Competitor results writen to preseeds topic : 16
2015-11-09 14:42:06,378 [pool-2-thread-1] ERROR   - Competitor results writen to preseeds topic : 17
ERROR [] Competitor results writen to preseeds topic : 17
68963 [pool-2-thread-1] ERROR   - Competitor results writen to preseeds topic : 17
2015-11-09 14:42:06,385 [pool-2-thread-1] ERROR   - Competitor results writen to preseeds topic : 18
ERROR [] Competitor results writen to preseeds topic : 18
68970 [pool-2-thread-1] ERROR   - Competitor results writen to preseeds topic : 18
2015-11-09 14:42:06,386 [pool-2-thread-1] ERROR   - Messages read : 6
ERROR [] Messages read : 6
68971 [pool-2-thread-1] ERROR   - Messages read : 6
search by Brand+MPN : "CR Laurence" SCW102C
search by title : "CRL Custom Color Ticket Window Unit"
quering by :"CR Laurence" SCW102C
quering by :"CRL Custom Color Ticket Window Unit"
2015-11-09 14:42:21,310 [pool-2-thread-1] ERROR   - SEARCH TITLE : "CRL Custom Color Ticket Window Unit"
ERROR [] SEARCH TITLE : "CRL Custom Color Ticket Window Unit"
83895 [pool-2-thread-1] ERROR   - SEARCH TITLE : "CRL Custom Color Ticket Window Unit"
2015-11-09 14:42:21,310 [pool-2-thread-1] ERROR   - Messages with search results : 6
ERROR [] Messages with search results : 6
83895 [pool-2-thread-1] ERROR   - Messages with search results : 6
2015-11-09 14:42:21,310 [pool-2-thread-1] ERROR   - NO COMPETITORS FOR SEARCH TITLE : "CRL Custom Color Ticket Window Unit"
ERROR [] NO COMPETITORS FOR SEARCH TITLE : "CRL Custom Color Ticket Window Unit"
83895 [pool-2-thread-1] ERROR   - NO COMPETITORS FOR SEARCH TITLE : "CRL Custom Color Ticket Window Unit"
2015-11-09 14:42:21,311 [pool-2-thread-1] ERROR   - Messages read : 7
ERROR [] Messages read : 7
83896 [pool-2-thread-1] ERROR   - Messages read : 7
search by Brand+MPN : "CR Laurence" DD1616
search by title : "CRL Brushed Stainless Steel Deal Drawer"
quering by :"CR Laurence" DD1616
 titles:   CRL DD1616 Deal Drawer, Brushed Stainlessfrom The Builders Supply
238862489034427059 titles:   CR Laurence Brushed Stainless Steel Deal Drawerfrom 5+ stores
2015-11-09 14:42:29,364 [pool-2-thread-1] ERROR   - SEARCH TITLE : "CRL Brushed Stainless Steel Deal Drawer"
ERROR [] SEARCH TITLE : "CRL Brushed Stainless Steel Deal Drawer"
91949 [pool-2-thread-1] ERROR   - SEARCH TITLE : "CRL Brushed Stainless Steel Deal Drawer"
2015-11-09 14:42:29,364 [pool-2-thread-1] ERROR   - Messages with search results : 7
ERROR [] Messages with search results : 7
91949 [pool-2-thread-1] ERROR   - Messages with search results : 7
2015-11-09 14:42:32,886 [pool-2-thread-1] ERROR   - Messages with competitors : 6
SEARCH ID : 238862489034427059 Num Competitors : 6
ERROR [] Messages with competitors : 6
SEARCH ID : 238862489034427059 Num Competitors : 6
95471 [pool-2-thread-1] ERROR   - Messages with competitors : 6
SEARCH ID : 238862489034427059 Num Competitors : 6
2015-11-09 14:42:32,894 [pool-2-thread-1] ERROR   - Search results writen to ggl topic : 6
ERROR [] Search results writen to ggl topic : 6
95479 [pool-2-thread-1] ERROR   - Search results writen to ggl topic : 6
2015-11-09 14:42:32,901 [pool-2-thread-1] ERROR   - Search results writen to ggl topic : 7
ERROR [] Search results writen to ggl topic : 7
95486 [pool-2-thread-1] ERROR   - Search results writen to ggl topic : 7
2015-11-09 14:42:32,908 [pool-2-thread-1] ERROR   - Competitor results writen to preseeds topic : 19
ERROR [] Competitor results writen to preseeds topic : 19
95493 [pool-2-thread-1] ERROR   - Competitor results writen to preseeds topic : 19
2015-11-09 14:42:32,915 [pool-2-thread-1] ERROR   - Competitor results writen to preseeds topic : 20
ERROR [] Competitor results writen to preseeds topic : 20
95500 [pool-2-thread-1] ERROR   - Competitor results writen to preseeds topic : 20
2015-11-09 14:42:32,923 [pool-2-thread-1] ERROR   - Competitor results writen to preseeds topic : 21
ERROR [] Competitor results writen to preseeds topic : 21
95508 [pool-2-thread-1] ERROR   - Competitor results writen to preseeds topic : 21
2015-11-09 14:42:32,930 [pool-2-thread-1] ERROR   - Competitor results writen to preseeds topic : 22
ERROR [] Competitor results writen to preseeds topic : 22
95515 [pool-2-thread-1] ERROR   - Competitor results writen to preseeds topic : 22
2015-11-09 14:42:32,936 [pool-2-thread-1] ERROR   - Competitor results writen to preseeds topic : 23
ERROR [] Competitor results writen to preseeds topic : 23
95521 [pool-2-thread-1] ERROR   - Competitor results writen to preseeds topic : 23
2015-11-09 14:42:32,943 [pool-2-thread-1] ERROR   - Competitor results writen to preseeds topic : 24
ERROR [] Competitor results writen to preseeds topic : 24
95528 [pool-2-thread-1] ERROR   - Competitor results writen to preseeds topic : 24
2015-11-09 14:42:32,944 [pool-2-thread-1] ERROR   - Messages read : 8
ERROR [] Messages read : 8
95529 [pool-2-thread-1] ERROR   - Messages read : 8
search by Brand+MPN : "CR Laurence" CTC16
search by title : "CRL Brushed Stainless Steel 16in Wide X 10in Deep X 2in High Standard Counter Top Deal Tray"
quering by :"CR Laurence" CTC16
 titles:   CRL CTC16 Standard Counter Top Deal Tray, Brushed Stainlessfrom The Builders Supply
2264667669831382911 titles:   CR Laurence Brushed Stainless Steel 16" Wide x 10" Deep x 2" High Standard Counter Top Deal Trayfrom 4 stores
2015-11-09 14:42:41,834 [pool-2-thread-1] ERROR   - SEARCH TITLE : "CRL Brushed Stainless Steel 16in Wide X 10in Deep X 2in High Standard Counter Top Deal Tray"
ERROR [] SEARCH TITLE : "CRL Brushed Stainless Steel 16in Wide X 10in Deep X 2in High Standard Counter Top Deal Tray"
104419 [pool-2-thread-1] ERROR   - SEARCH TITLE : "CRL Brushed Stainless Steel 16in Wide X 10in Deep X 2in High Standard Counter Top Deal Tray"
2015-11-09 14:42:41,835 [pool-2-thread-1] ERROR   - Messages with search results : 8
ERROR [] Messages with search results : 8
104420 [pool-2-thread-1] ERROR   - Messages with search results : 8
2015-11-09 14:42:45,738 [pool-2-thread-1] ERROR   - Messages with competitors : 7
SEARCH ID : 2264667669831382911 Num Competitors : 4
ERROR [] Messages with competitors : 7
SEARCH ID : 2264667669831382911 Num Competitors : 4
108323 [pool-2-thread-1] ERROR   - Messages with competitors : 7
SEARCH ID : 2264667669831382911 Num Competitors : 4
2015-11-09 14:42:45,746 [pool-2-thread-1] ERROR   - Search results writen to ggl topic : 8
ERROR [] Search results writen to ggl topic : 8
108331 [pool-2-thread-1] ERROR   - Search results writen to ggl topic : 8
2015-11-09 14:42:45,753 [pool-2-thread-1] ERROR   - Search results writen to ggl topic : 9
ERROR [] Search results writen to ggl topic : 9
108338 [pool-2-thread-1] ERROR   - Search results writen to ggl topic : 9
2015-11-09 14:42:45,760 [pool-2-thread-1] ERROR   - Competitor results writen to preseeds topic : 25
ERROR [] Competitor results writen to preseeds topic : 25
108345 [pool-2-thread-1] ERROR   - Competitor results writen to preseeds topic : 25
2015-11-09 14:42:45,767 [pool-2-thread-1] ERROR   - Competitor results writen to preseeds topic : 26
ERROR [] Competitor results writen to preseeds topic : 26
108352 [pool-2-thread-1] ERROR   - Competitor results writen to preseeds topic : 26
2015-11-09 14:42:45,775 [pool-2-thread-1] ERROR   - Competitor results writen to preseeds topic : 27
ERROR [] Competitor results writen to preseeds topic : 27
108360 [pool-2-thread-1] ERROR   - Competitor results writen to preseeds topic : 27
2015-11-09 14:42:45,781 [pool-2-thread-1] ERROR   - Competitor results writen to preseeds topic : 28
ERROR [] Competitor results writen to preseeds topic : 28
108366 [pool-2-thread-1] ERROR   - Competitor results writen to preseeds topic : 28
2015-11-09 14:42:45,782 [pool-2-thread-1] ERROR   - Messages read : 9
ERROR [] Messages read : 9
108367 [pool-2-thread-1] ERROR   - Messages read : 9
search by Brand+MPN : "CR Laurence" SPRVP3
search by title : "CRL Brushed Stainless Package Receiver with Clear Vision Panel Door Level 3 Protection"
quering by :"CR Laurence" SPRVP3
quering by :"CRL Brushed Stainless Package Receiver with Clear Vision Panel Door Level 3 Protection"
2015-11-09 14:43:00,241 [pool-2-thread-1] ERROR   - SEARCH TITLE : "CRL Brushed Stainless Package Receiver with Clear Vision Panel Door Level 3 Protection"
ERROR [] SEARCH TITLE : "CRL Brushed Stainless Package Receiver with Clear Vision Panel Door Level 3 Protection"
122826 [pool-2-thread-1] ERROR   - SEARCH TITLE : "CRL Brushed Stainless Package Receiver with Clear Vision Panel Door Level 3 Protection"
2015-11-09 14:43:00,241 [pool-2-thread-1] ERROR   - Messages with search results : 9
ERROR [] Messages with search results : 9
122826 [pool-2-thread-1] ERROR   - Messages with search results : 9
2015-11-09 14:43:00,241 [pool-2-thread-1] ERROR   - NO COMPETITORS FOR SEARCH TITLE : "CRL Brushed Stainless Package Receiver with Clear Vision Panel Door Level 3 Protection"
ERROR [] NO COMPETITORS FOR SEARCH TITLE : "CRL Brushed Stainless Package Receiver with Clear Vision Panel Door Level 3 Protection"
122826 [pool-2-thread-1] ERROR   - NO COMPETITORS FOR SEARCH TITLE : "CRL Brushed Stainless Package Receiver with Clear Vision Panel Door Level 3 Protection"
2015-11-09 14:43:00,242 [pool-2-thread-1] ERROR   - Messages read : 10
ERROR [] Messages read : 10
122827 [pool-2-thread-1] ERROR   - Messages read : 10
search by Brand+MPN : "CR Laurence" C0VEA
search by title : "CRL Satin Anodized Aluminum Clamp-On Frame Exterior Glazed Vision Window"
quering by :"CR Laurence" C0VEA
quering by :"CRL Satin Anodized Aluminum Clamp-On Frame Exterior Glazed Vision Window"
2015-11-09 14:43:14,147 [pool-2-thread-1] ERROR   - SEARCH TITLE : "CRL Satin Anodized Aluminum Clamp-On Frame Exterior Glazed Vision Window"
ERROR [] SEARCH TITLE : "CRL Satin Anodized Aluminum Clamp-On Frame Exterior Glazed Vision Window"
136732 [pool-2-thread-1] ERROR   - SEARCH TITLE : "CRL Satin Anodized Aluminum Clamp-On Frame Exterior Glazed Vision Window"
2015-11-09 14:43:14,147 [pool-2-thread-1] ERROR   - Messages with search results : 10
ERROR [] Messages with search results : 10
136732 [pool-2-thread-1] ERROR   - Messages with search results : 10
2015-11-09 14:43:14,147 [pool-2-thread-1] ERROR   - NO COMPETITORS FOR SEARCH TITLE : "CRL Satin Anodized Aluminum Clamp-On Frame Exterior Glazed Vision Window"
ERROR [] NO COMPETITORS FOR SEARCH TITLE : "CRL Satin Anodized Aluminum Clamp-On Frame Exterior Glazed Vision Window"
136732 [pool-2-thread-1] ERROR   - NO COMPETITORS FOR SEARCH TITLE : "CRL Satin Anodized Aluminum Clamp-On Frame Exterior Glazed Vision Window"
2015-11-09 14:43:14,148 [pool-2-thread-1] ERROR   - Messages read : 11
ERROR [] Messages read : 11
136733 [pool-2-thread-1] ERROR   - Messages read : 11
search by Brand+MPN : "CR Laurence" C0V1A
search by title : "CRL Satin Anodized Aluminum Clamp-On Frame Interior Glazed Vision Window"
quering by :"CR Laurence" C0V1A
quering by :"CRL Satin Anodized Aluminum Clamp-On Frame Interior Glazed Vision Window"
2015-11-09 14:43:28,154 [pool-2-thread-1] ERROR   - SEARCH TITLE : "CRL Satin Anodized Aluminum Clamp-On Frame Interior Glazed Vision Window"
ERROR [] SEARCH TITLE : "CRL Satin Anodized Aluminum Clamp-On Frame Interior Glazed Vision Window"
150739 [pool-2-thread-1] ERROR   - SEARCH TITLE : "CRL Satin Anodized Aluminum Clamp-On Frame Interior Glazed Vision Window"
2015-11-09 14:43:28,154 [pool-2-thread-1] ERROR   - Messages with search results : 11
ERROR [] Messages with search results : 11
150739 [pool-2-thread-1] ERROR   - Messages with search results : 11
2015-11-09 14:43:28,154 [pool-2-thread-1] ERROR   - NO COMPETITORS FOR SEARCH TITLE : "CRL Satin Anodized Aluminum Clamp-On Frame Interior Glazed Vision Window"
ERROR [] NO COMPETITORS FOR SEARCH TITLE : "CRL Satin Anodized Aluminum Clamp-On Frame Interior Glazed Vision Window"
150739 [pool-2-thread-1] ERROR   - NO COMPETITORS FOR SEARCH TITLE : "CRL Satin Anodized Aluminum Clamp-On Frame Interior Glazed Vision Window"
2015-11-09 14:43:28,155 [pool-2-thread-1] ERROR   - Messages read : 12
ERROR [] Messages read : 12
150740 [pool-2-thread-1] ERROR   - Messages read : 12
search by Brand+MPN : "CR Laurence" GRUC5PS10     
search by title : "CRL Polished Stainless U-Channel Cap for 1/2in or 5/8in Glass"
quering by :"CR Laurence" GRUC5PS10     
5357483753666254310 titles:   CR Laurence Polished Stainless U-Channel Cap for 1/2" or 5/8" Glassfrom 3 stores
2015-11-09 14:43:36,034 [pool-2-thread-1] ERROR   - SEARCH TITLE : "CRL Polished Stainless U-Channel Cap for 1/2in or 5/8in Glass"
ERROR [] SEARCH TITLE : "CRL Polished Stainless U-Channel Cap for 1/2in or 5/8in Glass"
158619 [pool-2-thread-1] ERROR   - SEARCH TITLE : "CRL Polished Stainless U-Channel Cap for 1/2in or 5/8in Glass"
2015-11-09 14:43:36,034 [pool-2-thread-1] ERROR   - Messages with search results : 12
ERROR [] Messages with search results : 12
158619 [pool-2-thread-1] ERROR   - Messages with search results : 12
2015-11-09 14:43:39,517 [pool-2-thread-1] ERROR   - Messages with competitors : 8
SEARCH ID : 5357483753666254310 Num Competitors : 3
ERROR [] Messages with competitors : 8
SEARCH ID : 5357483753666254310 Num Competitors : 3
162102 [pool-2-thread-1] ERROR   - Messages with competitors : 8
SEARCH ID : 5357483753666254310 Num Competitors : 3
2015-11-09 14:43:39,525 [pool-2-thread-1] ERROR   - Search results writen to ggl topic : 10
ERROR [] Search results writen to ggl topic : 10
162110 [pool-2-thread-1] ERROR   - Search results writen to ggl topic : 10
2015-11-09 14:43:39,532 [pool-2-thread-1] ERROR   - Competitor results writen to preseeds topic : 29
ERROR [] Competitor results writen to preseeds topic : 29
162117 [pool-2-thread-1] ERROR   - Competitor results writen to preseeds topic : 29
2015-11-09 14:43:39,539 [pool-2-thread-1] ERROR   - Competitor results writen to preseeds topic : 30
ERROR [] Competitor results writen to preseeds topic : 30
162124 [pool-2-thread-1] ERROR   - Competitor results writen to preseeds topic : 30
2015-11-09 14:43:39,547 [pool-2-thread-1] ERROR   - Competitor results writen to preseeds topic : 31
ERROR [] Competitor results writen to preseeds topic : 31
162132 [pool-2-thread-1] ERROR   - Competitor results writen to preseeds topic : 31
2015-11-09 14:43:39,548 [pool-2-thread-1] ERROR   - Messages read : 13
ERROR [] Messages read : 13
162133 [pool-2-thread-1] ERROR   - Messages read : 13
search by Brand+MPN : "CR Laurence" FW411L
search by title : "CRL T-Vent inAll Glass Lookin Window Driver Side Forward 1992+ Ford Vans 43-7/8in x 28-5/8in"
quering by :"CR Laurence" FW411L
17629927959470448590 titles:   CHEVROLET EXPRESS 1500 2002 CRL All Glass Look Van Windowsfrom 4 stores
2015-11-09 14:43:46,663 [pool-2-thread-1] ERROR   - SEARCH TITLE : "CRL T-Vent inAll Glass Lookin Window Driver Side Forward 1992+ Ford Vans 43-7/8in x 28-5/8in"
ERROR [] SEARCH TITLE : "CRL T-Vent inAll Glass Lookin Window Driver Side Forward 1992+ Ford Vans 43-7/8in x 28-5/8in"
169248 [pool-2-thread-1] ERROR   - SEARCH TITLE : "CRL T-Vent inAll Glass Lookin Window Driver Side Forward 1992+ Ford Vans 43-7/8in x 28-5/8in"
2015-11-09 14:43:46,664 [pool-2-thread-1] ERROR   - Messages with search results : 13
ERROR [] Messages with search results : 13
169249 [pool-2-thread-1] ERROR   - Messages with search results : 13
2015-11-09 14:43:50,537 [pool-2-thread-1] ERROR   - Messages with competitors : 9
SEARCH ID : 17629927959470448590 Num Competitors : 4
ERROR [] Messages with competitors : 9
SEARCH ID : 17629927959470448590 Num Competitors : 4
173122 [pool-2-thread-1] ERROR   - Messages with competitors : 9
SEARCH ID : 17629927959470448590 Num Competitors : 4
2015-11-09 14:43:50,545 [pool-2-thread-1] ERROR   - Search results writen to ggl topic : 11
ERROR [] Search results writen to ggl topic : 11
173130 [pool-2-thread-1] ERROR   - Search results writen to ggl topic : 11
2015-11-09 14:43:50,552 [pool-2-thread-1] ERROR   - Competitor results writen to preseeds topic : 32
ERROR [] Competitor results writen to preseeds topic : 32
173137 [pool-2-thread-1] ERROR   - Competitor results writen to preseeds topic : 32
2015-11-09 14:43:50,558 [pool-2-thread-1] ERROR   - Competitor results writen to preseeds topic : 33
ERROR [] Competitor results writen to preseeds topic : 33
173143 [pool-2-thread-1] ERROR   - Competitor results writen to preseeds topic : 33
2015-11-09 14:43:50,565 [pool-2-thread-1] ERROR   - Competitor results writen to preseeds topic : 34
ERROR [] Competitor results writen to preseeds topic : 34
173150 [pool-2-thread-1] ERROR   - Competitor results writen to preseeds topic : 34
2015-11-09 14:43:50,572 [pool-2-thread-1] ERROR   - Competitor results writen to preseeds topic : 35
ERROR [] Competitor results writen to preseeds topic : 35
173157 [pool-2-thread-1] ERROR   - Competitor results writen to preseeds topic : 35
2015-11-09 14:43:50,573 [pool-2-thread-1] ERROR   - Messages read : 14
ERROR [] Messages read : 14
173158 [pool-2-thread-1] ERROR   - Messages read : 14
search by Brand+MPN : "CR Laurence" VW8246
search by title : "CRL Universal Non-Contoured Horizontal Sliding Window 25-1/4in x 16-3/4in with 1-1/2in Trim Ring"
quering by :"CR Laurence" VW8246
8906249411341078771 titles:   C.R. Laurence Crl Universal Non-Contoured Horizontal Sliding Window 25-1/4" x 16-3/4" with 1-1/2" Trim Ringfrom 3 stores
2015-11-09 14:43:58,845 [pool-2-thread-1] ERROR   - SEARCH TITLE : "CRL Universal Non-Contoured Horizontal Sliding Window 25-1/4in x 16-3/4in with 1-1/2in Trim Ring"
ERROR [] SEARCH TITLE : "CRL Universal Non-Contoured Horizontal Sliding Window 25-1/4in x 16-3/4in with 1-1/2in Trim Ring"
181430 [pool-2-thread-1] ERROR   - SEARCH TITLE : "CRL Universal Non-Contoured Horizontal Sliding Window 25-1/4in x 16-3/4in with 1-1/2in Trim Ring"
2015-11-09 14:43:58,845 [pool-2-thread-1] ERROR   - Messages with search results : 14
ERROR [] Messages with search results : 14
181430 [pool-2-thread-1] ERROR   - Messages with search results : 14
2015-11-09 14:44:02,218 [pool-2-thread-1] ERROR   - Messages with competitors : 10
SEARCH ID : 8906249411341078771 Num Competitors : 3
ERROR [] Messages with competitors : 10
SEARCH ID : 8906249411341078771 Num Competitors : 3
184803 [pool-2-thread-1] ERROR   - Messages with competitors : 10
SEARCH ID : 8906249411341078771 Num Competitors : 3
2015-11-09 14:44:02,225 [pool-2-thread-1] ERROR   - Search results writen to ggl topic : 12
ERROR [] Search results writen to ggl topic : 12
184810 [pool-2-thread-1] ERROR   - Search results writen to ggl topic : 12
2015-11-09 14:44:02,232 [pool-2-thread-1] ERROR   - Competitor results writen to preseeds topic : 36
ERROR [] Competitor results writen to preseeds topic : 36
184817 [pool-2-thread-1] ERROR   - Competitor results writen to preseeds topic : 36
2015-11-09 14:44:02,239 [pool-2-thread-1] ERROR   - Competitor results writen to preseeds topic : 37
ERROR [] Competitor results writen to preseeds topic : 37
184824 [pool-2-thread-1] ERROR   - Competitor results writen to preseeds topic : 37
2015-11-09 14:44:02,246 [pool-2-thread-1] ERROR   - Competitor results writen to preseeds topic : 38
ERROR [] Competitor results writen to preseeds topic : 38
184831 [pool-2-thread-1] ERROR   - Competitor results writen to preseeds topic : 38
2015-11-09 14:44:02,247 [pool-2-thread-1] ERROR   - Messages read : 15
ERROR [] Messages read : 15
184832 [pool-2-thread-1] ERROR   - Messages read : 15
search by Brand+MPN : "CR Laurence" GEN044AW
search by title : "CRL All White Geneva 044 Series Wall Mount Offset Back Plate Hinge"
quering by :"CR Laurence" GEN044AW
13428954413218530762 titles:   C.R. Laurence Crl All White Geneva 044 Series Wall Mount Offset Back Plate Hingefrom 3 stores
2015-11-09 14:44:10,626 [pool-2-thread-1] ERROR   - SEARCH TITLE : "CRL All White Geneva 044 Series Wall Mount Offset Back Plate Hinge"
ERROR [] SEARCH TITLE : "CRL All White Geneva 044 Series Wall Mount Offset Back Plate Hinge"
193211 [pool-2-thread-1] ERROR   - SEARCH TITLE : "CRL All White Geneva 044 Series Wall Mount Offset Back Plate Hinge"
2015-11-09 14:44:10,626 [pool-2-thread-1] ERROR   - Messages with search results : 15
ERROR [] Messages with search results : 15
193211 [pool-2-thread-1] ERROR   - Messages with search results : 15
2015-11-09 14:44:18,205 [pool-2-thread-1] ERROR   - Messages with competitors : 11
SEARCH ID : 13428954413218530762 Num Competitors : 3
ERROR [] Messages with competitors : 11
SEARCH ID : 13428954413218530762 Num Competitors : 3
200790 [pool-2-thread-1] ERROR   - Messages with competitors : 11
SEARCH ID : 13428954413218530762 Num Competitors : 3
2015-11-09 14:44:18,213 [pool-2-thread-1] ERROR   - Search results writen to ggl topic : 13
ERROR [] Search results writen to ggl topic : 13
200798 [pool-2-thread-1] ERROR   - Search results writen to ggl topic : 13
2015-11-09 14:44:18,220 [pool-2-thread-1] ERROR   - Competitor results writen to preseeds topic : 39
ERROR [] Competitor results writen to preseeds topic : 39
200805 [pool-2-thread-1] ERROR   - Competitor results writen to preseeds topic : 39
2015-11-09 14:44:18,227 [pool-2-thread-1] ERROR   - Competitor results writen to preseeds topic : 40
ERROR [] Competitor results writen to preseeds topic : 40
200812 [pool-2-thread-1] ERROR   - Competitor results writen to preseeds topic : 40
2015-11-09 14:44:18,233 [pool-2-thread-1] ERROR   - Competitor results writen to preseeds topic : 41
ERROR [] Competitor results writen to preseeds topic : 41
200818 [pool-2-thread-1] ERROR   - Competitor results writen to preseeds topic : 41
2015-11-09 14:44:18,234 [pool-2-thread-1] ERROR   - Messages read : 16
ERROR [] Messages read : 16
200819 [pool-2-thread-1] ERROR   - Messages read : 16
search by Brand+MPN : "CR Laurence" 777GRY
search by title : "CRL Gray 777 Butyl Rubber Sealant"
quering by :"CR Laurence" 777GRY
7857892222786417092 titles:   Gray 777 Butyl Rubber Sealantfrom 10+ stores
12713940762634012431 titles:   Aluminum OEM Replacement Patio Door Threshold - 4-5/8" Wide x 6' Longfrom 2 stores
16946053282369845030 titles:   Aluminum 96" Sliding Screen Door Railfrom 5+ stores
13942743053179722856 titles:   Bronze 72" Sliding Glass Door Replacement Railfrom 5+ stores
21364 titles:   CR Laurence Aluminum OEM Replacement Patio Door Threshold - 4-5/8" Wide x 8' Longfrom DK Hardware
13435685710532750169 titles:   C.R. LAURENCE Crl Aluminum OEM Replacement Patio Door Threshold for Daryl Doors - 5" Wide x 8′ Longfrom 4 stores
5052688456985998115 titles:   CR Laurence Aluminum OEM Replacement Patio Door Threshold - 4-1/2" Wide x 8' Longfrom 2 stores
2714062738343957652 titles:   CR Laurence Aluminum OEM Replacement Threshold for Arcadia Doors; 4-5/8" Wide x 8' Longfrom 2 stores
4144391963491272582 titles:   C.R. LAURENCE Crl Aluminum OEM Replacement Threshold for Rolleze Doors - 4-3/4" x 8′ Longfrom 2 stores
8423399515061905974 titles:   CR Laurence Aluminum OEM Replacement Patio Door Threshold for Lupton Doors; 4-3/4" Wide x 8' Longfrom 4 stores
16715995387305590785 titles:   Aluminum OEM Replacement Threshold for Arcadia Doors; 4-5/8" Wide x 6' Longfrom 3 stores
18388901313073069365 titles:   C.R. LAURENCE Crl Aluminum OEM Replacement Patio Door Threshold for Lupton Doors; 4-3/4" Wide x 6′ Longfrom 5+ stores
10042778285473261359 titles:   CR Laurence Aluminum OEM Replacement Patio Door Threshold for Premier Doors - 4-1/8" x 8' Longfrom 5+ stores
2493347588184696485 titles:   C.R. LAURENCE Crl Aluminum OEM Replacement Threshold for Air Control Doors; 5-5/16" x 8′ Longfrom 4 stores
436933459098981417 titles:   CR Laurence Aluminum OEM Replacement Patio Door Threshold for Premier Doors - 4-1/8" x 6' Longfrom 4 stores
13913713474309172003 titles:   C.R. LAURENCE Crl Aluminum OEM Replacement Threshold for Air Control Doors - 5-5/16" x 6′ Longfrom 4 stores
12805392136472845572 titles:   CR Laurence Aluminum OEM Replacement Threshold for Rolleze Doors - 4-3/4" x 6' Longfrom 5+ stores
531092912347519134 titles:   CR Laurence Aluminum OEM Replacement Patio Door Threshold for Century & Elco Doors - 4-11/16" Wide x 8' Longfrom 2 stores
14735312898813455788 titles:   CR Laurence Bronze OEM Replacement Threshold for Arcadia Doors - 4-5/8" Wide x 8' Longfrom 2 stores
4553097072412996049 titles:   C.R. LAURENCE Crl Aluminum OEM Replacement Patio Door Threshold for Daryl Doors - 5" Wide x 6′ Longfrom 5+ stores
2015-11-09 14:44:35,133 [pool-2-thread-1] ERROR   - SEARCH TITLE : "CRL Gray 777 Butyl Rubber Sealant"
ERROR [] SEARCH TITLE : "CRL Gray 777 Butyl Rubber Sealant"
217718 [pool-2-thread-1] ERROR   - SEARCH TITLE : "CRL Gray 777 Butyl Rubber Sealant"
2015-11-09 14:44:35,133 [pool-2-thread-1] ERROR   - Messages with search results : 16
ERROR [] Messages with search results : 16
217718 [pool-2-thread-1] ERROR   - Messages with search results : 16
2015-11-09 14:44:38,898 [pool-2-thread-1] ERROR   - Messages with competitors : 12
SEARCH ID : 7857892222786417092 Num Competitors : 10
ERROR [] Messages with competitors : 12
SEARCH ID : 7857892222786417092 Num Competitors : 10
221483 [pool-2-thread-1] ERROR   - Messages with competitors : 12
SEARCH ID : 7857892222786417092 Num Competitors : 10
2015-11-09 14:44:38,905 [pool-2-thread-1] ERROR   - Search results writen to ggl topic : 14
ERROR [] Search results writen to ggl topic : 14
221490 [pool-2-thread-1] ERROR   - Search results writen to ggl topic : 14
2015-11-09 14:44:38,912 [pool-2-thread-1] ERROR   - Search results writen to ggl topic : 15
ERROR [] Search results writen to ggl topic : 15
221497 [pool-2-thread-1] ERROR   - Search results writen to ggl topic : 15
2015-11-09 14:44:38,919 [pool-2-thread-1] ERROR   - Search results writen to ggl topic : 16
ERROR [] Search results writen to ggl topic : 16
221504 [pool-2-thread-1] ERROR   - Search results writen to ggl topic : 16
2015-11-09 14:44:38,925 [pool-2-thread-1] ERROR   - Search results writen to ggl topic : 17
ERROR [] Search results writen to ggl topic : 17
221510 [pool-2-thread-1] ERROR   - Search results writen to ggl topic : 17
2015-11-09 14:44:38,932 [pool-2-thread-1] ERROR   - Search results writen to ggl topic : 18
ERROR [] Search results writen to ggl topic : 18
221517 [pool-2-thread-1] ERROR   - Search results writen to ggl topic : 18
2015-11-09 14:44:38,939 [pool-2-thread-1] ERROR   - Search results writen to ggl topic : 19
ERROR [] Search results writen to ggl topic : 19
221524 [pool-2-thread-1] ERROR   - Search results writen to ggl topic : 19
2015-11-09 14:44:38,945 [pool-2-thread-1] ERROR   - Search results writen to ggl topic : 20
ERROR [] Search results writen to ggl topic : 20
221530 [pool-2-thread-1] ERROR   - Search results writen to ggl topic : 20
2015-11-09 14:44:38,951 [pool-2-thread-1] ERROR   - Search results writen to ggl topic : 21
ERROR [] Search results writen to ggl topic : 21
221536 [pool-2-thread-1] ERROR   - Search results writen to ggl topic : 21
2015-11-09 14:44:38,958 [pool-2-thread-1] ERROR   - Search results writen to ggl topic : 22
ERROR [] Search results writen to ggl topic : 22
221543 [pool-2-thread-1] ERROR   - Search results writen to ggl topic : 22
2015-11-09 14:44:38,964 [pool-2-thread-1] ERROR   - Search results writen to ggl topic : 23
ERROR [] Search results writen to ggl topic : 23
221549 [pool-2-thread-1] ERROR   - Search results writen to ggl topic : 23
2015-11-09 14:44:38,970 [pool-2-thread-1] ERROR   - Search results writen to ggl topic : 24
ERROR [] Search results writen to ggl topic : 24
221555 [pool-2-thread-1] ERROR   - Search results writen to ggl topic : 24
2015-11-09 14:44:38,976 [pool-2-thread-1] ERROR   - Search results writen to ggl topic : 25
ERROR [] Search results writen to ggl topic : 25
221561 [pool-2-thread-1] ERROR   - Search results writen to ggl topic : 25
2015-11-09 14:44:38,983 [pool-2-thread-1] ERROR   - Search results writen to ggl topic : 26
ERROR [] Search results writen to ggl topic : 26
221568 [pool-2-thread-1] ERROR   - Search results writen to ggl topic : 26
2015-11-09 14:44:38,990 [pool-2-thread-1] ERROR   - Search results writen to ggl topic : 27
ERROR [] Search results writen to ggl topic : 27
221575 [pool-2-thread-1] ERROR   - Search results writen to ggl topic : 27
2015-11-09 14:44:38,996 [pool-2-thread-1] ERROR   - Search results writen to ggl topic : 28
ERROR [] Search results writen to ggl topic : 28
221581 [pool-2-thread-1] ERROR   - Search results writen to ggl topic : 28
2015-11-09 14:44:39,002 [pool-2-thread-1] ERROR   - Search results writen to ggl topic : 29
ERROR [] Search results writen to ggl topic : 29
221587 [pool-2-thread-1] ERROR   - Search results writen to ggl topic : 29
2015-11-09 14:44:39,009 [pool-2-thread-1] ERROR   - Search results writen to ggl topic : 30
ERROR [] Search results writen to ggl topic : 30
221594 [pool-2-thread-1] ERROR   - Search results writen to ggl topic : 30
2015-11-09 14:44:39,015 [pool-2-thread-1] ERROR   - Search results writen to ggl topic : 31
ERROR [] Search results writen to ggl topic : 31
221600 [pool-2-thread-1] ERROR   - Search results writen to ggl topic : 31
2015-11-09 14:44:39,021 [pool-2-thread-1] ERROR   - Search results writen to ggl topic : 32
ERROR [] Search results writen to ggl topic : 32
221606 [pool-2-thread-1] ERROR   - Search results writen to ggl topic : 32
2015-11-09 14:44:39,027 [pool-2-thread-1] ERROR   - Search results writen to ggl topic : 33
ERROR [] Search results writen to ggl topic : 33
221612 [pool-2-thread-1] ERROR   - Search results writen to ggl topic : 33
2015-11-09 14:44:39,034 [pool-2-thread-1] ERROR   - Competitor results writen to preseeds topic : 42
ERROR [] Competitor results writen to preseeds topic : 42
221619 [pool-2-thread-1] ERROR   - Competitor results writen to preseeds topic : 42
2015-11-09 14:44:39,041 [pool-2-thread-1] ERROR   - Competitor results writen to preseeds topic : 43
ERROR [] Competitor results writen to preseeds topic : 43
221626 [pool-2-thread-1] ERROR   - Competitor results writen to preseeds topic : 43
2015-11-09 14:44:39,047 [pool-2-thread-1] ERROR   - Competitor results writen to preseeds topic : 44
ERROR [] Competitor results writen to preseeds topic : 44
221632 [pool-2-thread-1] ERROR   - Competitor results writen to preseeds topic : 44
2015-11-09 14:44:39,054 [pool-2-thread-1] ERROR   - Competitor results writen to preseeds topic : 45
ERROR [] Competitor results writen to preseeds topic : 45
221639 [pool-2-thread-1] ERROR   - Competitor results writen to preseeds topic : 45
2015-11-09 14:44:39,060 [pool-2-thread-1] ERROR   - Competitor results writen to preseeds topic : 46
ERROR [] Competitor results writen to preseeds topic : 46
221645 [pool-2-thread-1] ERROR   - Competitor results writen to preseeds topic : 46
2015-11-09 14:44:39,066 [pool-2-thread-1] ERROR   - Competitor results writen to preseeds topic : 47
ERROR [] Competitor results writen to preseeds topic : 47
221651 [pool-2-thread-1] ERROR   - Competitor results writen to preseeds topic : 47
2015-11-09 14:44:39,072 [pool-2-thread-1] ERROR   - Competitor results writen to preseeds topic : 48
ERROR [] Competitor results writen to preseeds topic : 48
221657 [pool-2-thread-1] ERROR   - Competitor results writen to preseeds topic : 48
2015-11-09 14:44:39,079 [pool-2-thread-1] ERROR   - Competitor results writen to preseeds topic : 49
ERROR [] Competitor results writen to preseeds topic : 49
221664 [pool-2-thread-1] ERROR   - Competitor results writen to preseeds topic : 49
2015-11-09 14:44:39,085 [pool-2-thread-1] ERROR   - Competitor results writen to preseeds topic : 50
ERROR [] Competitor results writen to preseeds topic : 50
221670 [pool-2-thread-1] ERROR   - Competitor results writen to preseeds topic : 50
2015-11-09 14:44:39,092 [pool-2-thread-1] ERROR   - Competitor results writen to preseeds topic : 51
ERROR [] Competitor results writen to preseeds topic : 51
221677 [pool-2-thread-1] ERROR   - Competitor results writen to preseeds topic : 51
2015-11-09 14:44:39,093 [pool-2-thread-1] ERROR   - Messages read : 17
ERROR [] Messages read : 17
221678 [pool-2-thread-1] ERROR   - Messages read : 17
search by Brand+MPN : "CR Laurence" SCS1203
search by title : "CRL Black GE&#174; 1200 Construction Silicone Sealant"
quering by :"CR Laurence" SCS1203
4871292664572750004 titles:   CR Laurence Black GE 1200 Construction Silicone Sealantfrom 4 stores
2015-11-09 14:44:47,592 [pool-2-thread-1] ERROR   - SEARCH TITLE : "CRL Black GE&#174; 1200 Construction Silicone Sealant"
ERROR [] SEARCH TITLE : "CRL Black GE&#174; 1200 Construction Silicone Sealant"
230177 [pool-2-thread-1] ERROR   - SEARCH TITLE : "CRL Black GE&#174; 1200 Construction Silicone Sealant"
2015-11-09 14:44:47,592 [pool-2-thread-1] ERROR   - Messages with search results : 17
ERROR [] Messages with search results : 17
230177 [pool-2-thread-1] ERROR   - Messages with search results : 17
2015-11-09 14:44:51,088 [pool-2-thread-1] ERROR   - Messages with competitors : 13
SEARCH ID : 4871292664572750004 Num Competitors : 4
ERROR [] Messages with competitors : 13
SEARCH ID : 4871292664572750004 Num Competitors : 4
233673 [pool-2-thread-1] ERROR   - Messages with competitors : 13
SEARCH ID : 4871292664572750004 Num Competitors : 4
2015-11-09 14:44:51,095 [pool-2-thread-1] ERROR   - Search results writen to ggl topic : 34
ERROR [] Search results writen to ggl topic : 34
233680 [pool-2-thread-1] ERROR   - Search results writen to ggl topic : 34
2015-11-09 14:44:51,102 [pool-2-thread-1] ERROR   - Competitor results writen to preseeds topic : 52
ERROR [] Competitor results writen to preseeds topic : 52
233687 [pool-2-thread-1] ERROR   - Competitor results writen to preseeds topic : 52
2015-11-09 14:44:51,108 [pool-2-thread-1] ERROR   - Competitor results writen to preseeds topic : 53
ERROR [] Competitor results writen to preseeds topic : 53
233693 [pool-2-thread-1] ERROR   - Competitor results writen to preseeds topic : 53
2015-11-09 14:44:51,114 [pool-2-thread-1] ERROR   - Competitor results writen to preseeds topic : 54
ERROR [] Competitor results writen to preseeds topic : 54
233699 [pool-2-thread-1] ERROR   - Competitor results writen to preseeds topic : 54
2015-11-09 14:44:51,121 [pool-2-thread-1] ERROR   - Competitor results writen to preseeds topic : 55
ERROR [] Competitor results writen to preseeds topic : 55
233706 [pool-2-thread-1] ERROR   - Competitor results writen to preseeds topic : 55
2015-11-09 14:44:51,122 [pool-2-thread-1] ERROR   - Messages read : 18
ERROR [] Messages read : 18
233707 [pool-2-thread-1] ERROR   - Messages read : 18
search by Brand+MPN : "CR Laurence" CRL220
search by title : "CRL Chisel End Stick Tool"
quering by :"CR Laurence" CRL220
4892056850821581554 titles:   CR Laurence 220X Grit Crystolon Rubbing Brickfrom 5+ stores
7464275878654801314 titles:   CR Laurence 220 Grit Diamond Hand Padfrom 5+ stores
889582096618161761 titles:   CR Laurence 220 Grit Diamond Plated Speed Router Bitfrom 4 stores
9931546599622076784 titles:   CR Laurence 220 Grit Diamond Plated Detail Router Bitfrom 5+ stores
14723829572600980106 titles:   Crl 220x Grit Silicon Carbide Grain -from 5+ stores
7910476214464821033 titles:   CR Laurence Chisel End Stick Toolfrom 10+ stores
13459123759913314261 titles:   CRL 220 Grit 1/2" Diamond Plated Countersink Router Bitfrom 5+ stores
13978874783399427787 titles:   C.R. LAURENCE Crl 220 Grit Flat Tip Diamond Plated Router Bitfrom 2 stores
7332484515993367126 titles:   CR Laurence .220" Gray Serrated Screen Retainer Spline Bulk 15 Pound Rollfrom 3 stores
10785480962945660397 titles:   CR Laurence 220 Grit 1/2" Seam and Flat Diamond Plated Router Bitfrom 3 stores
16003687698376447379 titles:   CR Laurence 220 Grit 3/8" Seam and Flat Diamond Plated Router Bitfrom 4 stores
14711181219651334650 titles:   CR Laurence 220 Grit Round Tip Diamond Plated Router Bitfrom 4 stores
5240514201564946953 titles:   CR Laurence 220 Grit 1/8" Seam and Flat Diamond Plated Router Bitfrom 4 stores
9270585307529908535 titles:   CR Laurence 220 Grit 1/4" Seam and Flat Diamond Plated Router Bitfrom 3 stores
2015-11-09 14:45:05,006 [pool-2-thread-1] ERROR   - SEARCH TITLE : "CRL Chisel End Stick Tool"
ERROR [] SEARCH TITLE : "CRL Chisel End Stick Tool"
247591 [pool-2-thread-1] ERROR   - SEARCH TITLE : "CRL Chisel End Stick Tool"
2015-11-09 14:45:05,006 [pool-2-thread-1] ERROR   - Messages with search results : 18
ERROR [] Messages with search results : 18
247591 [pool-2-thread-1] ERROR   - Messages with search results : 18
2015-11-09 14:45:12,604 [pool-2-thread-1] ERROR   - Messages with competitors : 14
SEARCH ID : 4892056850821581554 Num Competitors : 7
ERROR [] Messages with competitors : 14
SEARCH ID : 4892056850821581554 Num Competitors : 7
255189 [pool-2-thread-1] ERROR   - Messages with competitors : 14
SEARCH ID : 4892056850821581554 Num Competitors : 7
2015-11-09 14:45:12,611 [pool-2-thread-1] ERROR   - Search results writen to ggl topic : 35
ERROR [] Search results writen to ggl topic : 35
255196 [pool-2-thread-1] ERROR   - Search results writen to ggl topic : 35
2015-11-09 14:45:12,617 [pool-2-thread-1] ERROR   - Search results writen to ggl topic : 36
ERROR [] Search results writen to ggl topic : 36
255202 [pool-2-thread-1] ERROR   - Search results writen to ggl topic : 36
2015-11-09 14:45:12,624 [pool-2-thread-1] ERROR   - Search results writen to ggl topic : 37
ERROR [] Search results writen to ggl topic : 37
255209 [pool-2-thread-1] ERROR   - Search results writen to ggl topic : 37
2015-11-09 14:45:12,630 [pool-2-thread-1] ERROR   - Search results writen to ggl topic : 38
ERROR [] Search results writen to ggl topic : 38
255215 [pool-2-thread-1] ERROR   - Search results writen to ggl topic : 38
2015-11-09 14:45:12,636 [pool-2-thread-1] ERROR   - Search results writen to ggl topic : 39
ERROR [] Search results writen to ggl topic : 39
255221 [pool-2-thread-1] ERROR   - Search results writen to ggl topic : 39
2015-11-09 14:45:12,643 [pool-2-thread-1] ERROR   - Search results writen to ggl topic : 40
ERROR [] Search results writen to ggl topic : 40
255228 [pool-2-thread-1] ERROR   - Search results writen to ggl topic : 40
2015-11-09 14:45:12,649 [pool-2-thread-1] ERROR   - Search results writen to ggl topic : 41
ERROR [] Search results writen to ggl topic : 41
255234 [pool-2-thread-1] ERROR   - Search results writen to ggl topic : 41
2015-11-09 14:45:12,654 [pool-2-thread-1] ERROR   - Search results writen to ggl topic : 42
ERROR [] Search results writen to ggl topic : 42
255239 [pool-2-thread-1] ERROR   - Search results writen to ggl topic : 42
2015-11-09 14:45:12,661 [pool-2-thread-1] ERROR   - Search results writen to ggl topic : 43
ERROR [] Search results writen to ggl topic : 43
255246 [pool-2-thread-1] ERROR   - Search results writen to ggl topic : 43
2015-11-09 14:45:12,666 [pool-2-thread-1] ERROR   - Search results writen to ggl topic : 44
ERROR [] Search results writen to ggl topic : 44
255251 [pool-2-thread-1] ERROR   - Search results writen to ggl topic : 44
2015-11-09 14:45:12,672 [pool-2-thread-1] ERROR   - Search results writen to ggl topic : 45
ERROR [] Search results writen to ggl topic : 45
255257 [pool-2-thread-1] ERROR   - Search results writen to ggl topic : 45
2015-11-09 14:45:12,678 [pool-2-thread-1] ERROR   - Search results writen to ggl topic : 46
ERROR [] Search results writen to ggl topic : 46
255263 [pool-2-thread-1] ERROR   - Search results writen to ggl topic : 46
2015-11-09 14:45:12,685 [pool-2-thread-1] ERROR   - Search results writen to ggl topic : 47
ERROR [] Search results writen to ggl topic : 47
255270 [pool-2-thread-1] ERROR   - Search results writen to ggl topic : 47
2015-11-09 14:45:12,691 [pool-2-thread-1] ERROR   - Search results writen to ggl topic : 48
ERROR [] Search results writen to ggl topic : 48
255276 [pool-2-thread-1] ERROR   - Search results writen to ggl topic : 48
2015-11-09 14:45:12,697 [pool-2-thread-1] ERROR   - Competitor results writen to preseeds topic : 56
ERROR [] Competitor results writen to preseeds topic : 56
255282 [pool-2-thread-1] ERROR   - Competitor results writen to preseeds topic : 56
2015-11-09 14:45:12,703 [pool-2-thread-1] ERROR   - Competitor results writen to preseeds topic : 57
ERROR [] Competitor results writen to preseeds topic : 57
255288 [pool-2-thread-1] ERROR   - Competitor results writen to preseeds topic : 57
2015-11-09 14:45:12,709 [pool-2-thread-1] ERROR   - Competitor results writen to preseeds topic : 58
ERROR [] Competitor results writen to preseeds topic : 58
255294 [pool-2-thread-1] ERROR   - Competitor results writen to preseeds topic : 58
2015-11-09 14:45:12,716 [pool-2-thread-1] ERROR   - Competitor results writen to preseeds topic : 59
ERROR [] Competitor results writen to preseeds topic : 59
255301 [pool-2-thread-1] ERROR   - Competitor results writen to preseeds topic : 59
2015-11-09 14:45:12,722 [pool-2-thread-1] ERROR   - Competitor results writen to preseeds topic : 60
ERROR [] Competitor results writen to preseeds topic : 60
255307 [pool-2-thread-1] ERROR   - Competitor results writen to preseeds topic : 60
2015-11-09 14:45:12,727 [pool-2-thread-1] ERROR   - Competitor results writen to preseeds topic : 61
ERROR [] Competitor results writen to preseeds topic : 61
255312 [pool-2-thread-1] ERROR   - Competitor results writen to preseeds topic : 61
2015-11-09 14:45:12,733 [pool-2-thread-1] ERROR   - Competitor results writen to preseeds topic : 62
ERROR [] Competitor results writen to preseeds topic : 62
255318 [pool-2-thread-1] ERROR   - Competitor results writen to preseeds topic : 62
2015-11-09 14:45:12,734 [pool-2-thread-1] ERROR   - Messages read : 19
ERROR [] Messages read : 19
255319 [pool-2-thread-1] ERROR   - Messages read : 19
search by Brand+MPN : "CR Laurence" 1GCAL
search by title : "CRL Insulating Glass Caliper"
quering by :"CR Laurence" 1GCAL
15434892171879095518 titles:   CR Laurence Insulating Glass Caliperfrom 5+ stores
2015-11-09 14:45:20,783 [pool-2-thread-1] ERROR   - SEARCH TITLE : "CRL Insulating Glass Caliper"
ERROR [] SEARCH TITLE : "CRL Insulating Glass Caliper"
263368 [pool-2-thread-1] ERROR   - SEARCH TITLE : "CRL Insulating Glass Caliper"
2015-11-09 14:45:20,783 [pool-2-thread-1] ERROR   - Messages with search results : 19
ERROR [] Messages with search results : 19
263368 [pool-2-thread-1] ERROR   - Messages with search results : 19
2015-11-09 14:45:24,226 [pool-2-thread-1] ERROR   - Messages with competitors : 15
SEARCH ID : 15434892171879095518 Num Competitors : 9
ERROR [] Messages with competitors : 15
SEARCH ID : 15434892171879095518 Num Competitors : 9
266811 [pool-2-thread-1] ERROR   - Messages with competitors : 15
SEARCH ID : 15434892171879095518 Num Competitors : 9
2015-11-09 14:45:24,232 [pool-2-thread-1] ERROR   - Search results writen to ggl topic : 49
ERROR [] Search results writen to ggl topic : 49
266817 [pool-2-thread-1] ERROR   - Search results writen to ggl topic : 49
2015-11-09 14:45:24,238 [pool-2-thread-1] ERROR   - Competitor results writen to preseeds topic : 63
ERROR [] Competitor results writen to preseeds topic : 63
266823 [pool-2-thread-1] ERROR   - Competitor results writen to preseeds topic : 63
2015-11-09 14:45:24,244 [pool-2-thread-1] ERROR   - Competitor results writen to preseeds topic : 64
ERROR [] Competitor results writen to preseeds topic : 64
266829 [pool-2-thread-1] ERROR   - Competitor results writen to preseeds topic : 64
2015-11-09 14:45:24,251 [pool-2-thread-1] ERROR   - Competitor results writen to preseeds topic : 65
ERROR [] Competitor results writen to preseeds topic : 65
266836 [pool-2-thread-1] ERROR   - Competitor results writen to preseeds topic : 65
2015-11-09 14:45:24,257 [pool-2-thread-1] ERROR   - Competitor results writen to preseeds topic : 66
ERROR [] Competitor results writen to preseeds topic : 66
266842 [pool-2-thread-1] ERROR   - Competitor results writen to preseeds topic : 66
2015-11-09 14:45:24,263 [pool-2-thread-1] ERROR   - Competitor results writen to preseeds topic : 67
ERROR [] Competitor results writen to preseeds topic : 67
266848 [pool-2-thread-1] ERROR   - Competitor results writen to preseeds topic : 67
2015-11-09 14:45:24,269 [pool-2-thread-1] ERROR   - Competitor results writen to preseeds topic : 68
ERROR [] Competitor results writen to preseeds topic : 68
266854 [pool-2-thread-1] ERROR   - Competitor results writen to preseeds topic : 68
2015-11-09 14:45:24,275 [pool-2-thread-1] ERROR   - Competitor results writen to preseeds topic : 69
ERROR [] Competitor results writen to preseeds topic : 69
266860 [pool-2-thread-1] ERROR   - Competitor results writen to preseeds topic : 69
2015-11-09 14:45:24,280 [pool-2-thread-1] ERROR   - Competitor results writen to preseeds topic : 70
ERROR [] Competitor results writen to preseeds topic : 70
266865 [pool-2-thread-1] ERROR   - Competitor results writen to preseeds topic : 70
2015-11-09 14:45:24,285 [pool-2-thread-1] ERROR   - Competitor results writen to preseeds topic : 71
ERROR [] Competitor results writen to preseeds topic : 71
266870 [pool-2-thread-1] ERROR   - Competitor results writen to preseeds topic : 71
2015-11-09 14:45:24,286 [pool-2-thread-1] ERROR   - Messages read : 20
ERROR [] Messages read : 20
266871 [pool-2-thread-1] ERROR   - Messages read : 20
search by Brand+MPN : "CR Laurence" BM132RP
search by title : "CRL 4in x 132in BM132RP Upright Wet Abrasive Belt Sander"
quering by :"CR Laurence" BM132RP
38023 titles:   CR Laurence 4" x 132" BM132RP Upright Wet Abrasive Belt Sanderfrom DK Hardware
 titles:   CRL/Somaca Contact Roller Bearing Assembly for 2622000 and BM132RP Machinesfrom Rakuten.com - Showerdoordirect
1514039414972676941 titles:   CR Laurence 3" Guide Roller for 2622000 and BM132RP Sanders (3/4" W - 3/8" Bore)from 3 stores
8808509784511390663 titles:   C.R. Laurence Crl Water Spray Nozzle for BM132RP Sanders 12203550from 2 stores
6992838339294712413 titles:   CR Laurence - 8" Upper Belt Pulley for BM132RP Sanders 30024400from 3 stores
3735497030339085506 titles:   C.R. LAURENCE Crl 8" Lower Belt Pulley for BM132RP Sandersfrom 3 stores
4910742717813516310 titles:   C.R. LAURENCE Crl Belt Guard Safety Shield for the 2200, 2200RP and AU22 Upright Belt Sanderfrom 3 stores
9943654089786408065 titles:   CR Laurence Belt Guard Safety Shield for The 3300RP and AU33 Upright Belt Sanderfrom 2 stores
2015-11-09 14:45:34,993 [pool-2-thread-1] ERROR   - SEARCH TITLE : "CRL 4in x 132in BM132RP Upright Wet Abrasive Belt Sander"
ERROR [] SEARCH TITLE : "CRL 4in x 132in BM132RP Upright Wet Abrasive Belt Sander"
277578 [pool-2-thread-1] ERROR   - SEARCH TITLE : "CRL 4in x 132in BM132RP Upright Wet Abrasive Belt Sander"
2015-11-09 14:45:34,994 [pool-2-thread-1] ERROR   - Messages with search results : 20
ERROR [] Messages with search results : 20
277579 [pool-2-thread-1] ERROR   - Messages with search results : 20
2015-11-09 14:45:36,175 [pool-2-thread-1] ERROR   - THERE IS NO COMPETITORS
ERROR [] THERE IS NO COMPETITORS
278760 [pool-2-thread-1] ERROR   - THERE IS NO COMPETITORS
2015-11-09 14:45:36,176 [pool-2-thread-1] ERROR   - Messages with competitors : 16
SEARCH ID : 38023 Num Competitors : 0
ERROR [] Messages with competitors : 16
SEARCH ID : 38023 Num Competitors : 0
278761 [pool-2-thread-1] ERROR   - Messages with competitors : 16
SEARCH ID : 38023 Num Competitors : 0
2015-11-09 14:45:36,184 [pool-2-thread-1] ERROR   - Search results writen to ggl topic : 50
ERROR [] Search results writen to ggl topic : 50
278769 [pool-2-thread-1] ERROR   - Search results writen to ggl topic : 50
2015-11-09 14:45:36,190 [pool-2-thread-1] ERROR   - Search results writen to ggl topic : 51
ERROR [] Search results writen to ggl topic : 51
278775 [pool-2-thread-1] ERROR   - Search results writen to ggl topic : 51
2015-11-09 14:45:36,196 [pool-2-thread-1] ERROR   - Search results writen to ggl topic : 52
ERROR [] Search results writen to ggl topic : 52
278781 [pool-2-thread-1] ERROR   - Search results writen to ggl topic : 52
2015-11-09 14:45:36,202 [pool-2-thread-1] ERROR   - Search results writen to ggl topic : 53
ERROR [] Search results writen to ggl topic : 53
278787 [pool-2-thread-1] ERROR   - Search results writen to ggl topic : 53
2015-11-09 14:45:36,207 [pool-2-thread-1] ERROR   - Search results writen to ggl topic : 54
ERROR [] Search results writen to ggl topic : 54
278792 [pool-2-thread-1] ERROR   - Search results writen to ggl topic : 54
2015-11-09 14:45:36,213 [pool-2-thread-1] ERROR   - Search results writen to ggl topic : 55
ERROR [] Search results writen to ggl topic : 55
278798 [pool-2-thread-1] ERROR   - Search results writen to ggl topic : 55
2015-11-09 14:45:36,219 [pool-2-thread-1] ERROR   - Search results writen to ggl topic : 56
ERROR [] Search results writen to ggl topic : 56
278804 [pool-2-thread-1] ERROR   - Search results writen to ggl topic : 56
2015-11-09 14:45:36,225 [pool-2-thread-1] ERROR   - Search results writen to ggl topic : 57
ERROR [] Search results writen to ggl topic : 57
278810 [pool-2-thread-1] ERROR   - Search results writen to ggl topic : 57
2015-11-09 14:45:36,226 [pool-2-thread-1] ERROR   - Messages read : 21
ERROR [] Messages read : 21
278811 [pool-2-thread-1] ERROR   - Messages read : 21
search by Brand+MPN : "CR Laurence" W5450CS       
search by title : "CRL Wood's Powr-Grip&#174; 9in Vacuum Cups with Concave Rubber Pad"
quering by :"CR Laurence" W5450CS       
1009984570299012482 titles:   CR Laurence Wood's Powr-Grip 9" Vacuum Cups with Concave Rubber Padfrom 3 stores
2015-11-09 14:45:43,602 [pool-2-thread-1] ERROR   - SEARCH TITLE : "CRL Wood's Powr-Grip&#174; 9in Vacuum Cups with Concave Rubber Pad"
ERROR [] SEARCH TITLE : "CRL Wood's Powr-Grip&#174; 9in Vacuum Cups with Concave Rubber Pad"
286187 [pool-2-thread-1] ERROR   - SEARCH TITLE : "CRL Wood's Powr-Grip&#174; 9in Vacuum Cups with Concave Rubber Pad"
2015-11-09 14:45:43,602 [pool-2-thread-1] ERROR   - Messages with search results : 21
ERROR [] Messages with search results : 21
286187 [pool-2-thread-1] ERROR   - Messages with search results : 21
2015-11-09 14:45:47,082 [pool-2-thread-1] ERROR   - Messages with competitors : 17
SEARCH ID : 1009984570299012482 Num Competitors : 3
ERROR [] Messages with competitors : 17
SEARCH ID : 1009984570299012482 Num Competitors : 3
289667 [pool-2-thread-1] ERROR   - Messages with competitors : 17
SEARCH ID : 1009984570299012482 Num Competitors : 3
2015-11-09 14:45:47,089 [pool-2-thread-1] ERROR   - Search results writen to ggl topic : 58
ERROR [] Search results writen to ggl topic : 58
289674 [pool-2-thread-1] ERROR   - Search results writen to ggl topic : 58
2015-11-09 14:45:47,096 [pool-2-thread-1] ERROR   - Competitor results writen to preseeds topic : 72
ERROR [] Competitor results writen to preseeds topic : 72
289681 [pool-2-thread-1] ERROR   - Competitor results writen to preseeds topic : 72
2015-11-09 14:45:47,102 [pool-2-thread-1] ERROR   - Competitor results writen to preseeds topic : 73
ERROR [] Competitor results writen to preseeds topic : 73
289687 [pool-2-thread-1] ERROR   - Competitor results writen to preseeds topic : 73
2015-11-09 14:45:47,107 [pool-2-thread-1] ERROR   - Competitor results writen to preseeds topic : 74
ERROR [] Competitor results writen to preseeds topic : 74
289692 [pool-2-thread-1] ERROR   - Competitor results writen to preseeds topic : 74
2015-11-09 14:45:47,108 [pool-2-thread-1] ERROR   - Messages read : 22
ERROR [] Messages read : 22
289693 [pool-2-thread-1] ERROR   - Messages read : 22
search by Brand+MPN : "CR Laurence" ATS2832
search by title : "CRL #8-32 A-T Series Insert Fasteners"
quering by :"CR Laurence" ATS2832
12595331396223533787 titles:   C.R. LAURENCE Crl #8-32 A-T Series Insert Fasteners (100 Pack)from 3 stores
2015-11-09 14:45:55,667 [pool-2-thread-1] ERROR   - SEARCH TITLE : "CRL #8-32 A-T Series Insert Fasteners"
ERROR [] SEARCH TITLE : "CRL #8-32 A-T Series Insert Fasteners"
298252 [pool-2-thread-1] ERROR   - SEARCH TITLE : "CRL #8-32 A-T Series Insert Fasteners"
2015-11-09 14:45:55,667 [pool-2-thread-1] ERROR   - Messages with search results : 22
ERROR [] Messages with search results : 22
298252 [pool-2-thread-1] ERROR   - Messages with search results : 22
2015-11-09 14:45:59,655 [pool-2-thread-1] ERROR   - Messages with competitors : 18
SEARCH ID : 12595331396223533787 Num Competitors : 3
ERROR [] Messages with competitors : 18
SEARCH ID : 12595331396223533787 Num Competitors : 3
302240 [pool-2-thread-1] ERROR   - Messages with competitors : 18
SEARCH ID : 12595331396223533787 Num Competitors : 3
2015-11-09 14:45:59,662 [pool-2-thread-1] ERROR   - Search results writen to ggl topic : 59
ERROR [] Search results writen to ggl topic : 59
302247 [pool-2-thread-1] ERROR   - Search results writen to ggl topic : 59
2015-11-09 14:45:59,668 [pool-2-thread-1] ERROR   - Competitor results writen to preseeds topic : 75
ERROR [] Competitor results writen to preseeds topic : 75
302253 [pool-2-thread-1] ERROR   - Competitor results writen to preseeds topic : 75
2015-11-09 14:45:59,674 [pool-2-thread-1] ERROR   - Competitor results writen to preseeds topic : 76
ERROR [] Competitor results writen to preseeds topic : 76
302259 [pool-2-thread-1] ERROR   - Competitor results writen to preseeds topic : 76
2015-11-09 14:45:59,679 [pool-2-thread-1] ERROR   - Competitor results writen to preseeds topic : 77
ERROR [] Competitor results writen to preseeds topic : 77
302264 [pool-2-thread-1] ERROR   - Competitor results writen to preseeds topic : 77
2015-11-09 14:45:59,680 [pool-2-thread-1] ERROR   - Messages read : 23
ERROR [] Messages read : 23
302265 [pool-2-thread-1] ERROR   - Messages read : 23
search by Brand+MPN : "CR Laurence" Z934BS
search by title : "CRL Brushed Stainless Z-Series Flat Surface Mount Square Type Glass Clamps for 3/4in (19 mm) Glass"
quering by :"CR Laurence" Z934BS
11171122398371184695 titles:   C.R. Laurence Crl Brushed Stainless Z-Series Flat Surface Mount Square Type Glass Clamps for 3/4" Glassfrom 4 stores
 titles:   Crl Z934bs Z-series Glass Clamp For 3/4" (19 Mm) Glassfrom eBay - jwhite-antiques
2015-11-09 14:46:08,036 [pool-2-thread-1] ERROR   - SEARCH TITLE : "CRL Brushed Stainless Z-Series Flat Surface Mount Square Type Glass Clamps for 3/4in (19 mm) Glass"
ERROR [] SEARCH TITLE : "CRL Brushed Stainless Z-Series Flat Surface Mount Square Type Glass Clamps for 3/4in (19 mm) Glass"
310621 [pool-2-thread-1] ERROR   - SEARCH TITLE : "CRL Brushed Stainless Z-Series Flat Surface Mount Square Type Glass Clamps for 3/4in (19 mm) Glass"
2015-11-09 14:46:08,036 [pool-2-thread-1] ERROR   - Messages with search results : 23
ERROR [] Messages with search results : 23
310621 [pool-2-thread-1] ERROR   - Messages with search results : 23
2015-11-09 14:46:11,350 [pool-2-thread-1] ERROR   - Messages with competitors : 19
SEARCH ID : 11171122398371184695 Num Competitors : 4
ERROR [] Messages with competitors : 19
SEARCH ID : 11171122398371184695 Num Competitors : 4
313935 [pool-2-thread-1] ERROR   - Messages with competitors : 19
SEARCH ID : 11171122398371184695 Num Competitors : 4
2015-11-09 14:46:11,356 [pool-2-thread-1] ERROR   - Search results writen to ggl topic : 60
ERROR [] Search results writen to ggl topic : 60
313941 [pool-2-thread-1] ERROR   - Search results writen to ggl topic : 60
2015-11-09 14:46:11,362 [pool-2-thread-1] ERROR   - Search results writen to ggl topic : 61
ERROR [] Search results writen to ggl topic : 61
313947 [pool-2-thread-1] ERROR   - Search results writen to ggl topic : 61
2015-11-09 14:46:11,367 [pool-2-thread-1] ERROR   - Competitor results writen to preseeds topic : 78
ERROR [] Competitor results writen to preseeds topic : 78
313952 [pool-2-thread-1] ERROR   - Competitor results writen to preseeds topic : 78
2015-11-09 14:46:11,373 [pool-2-thread-1] ERROR   - Competitor results writen to preseeds topic : 79
ERROR [] Competitor results writen to preseeds topic : 79
313958 [pool-2-thread-1] ERROR   - Competitor results writen to preseeds topic : 79
2015-11-09 14:46:11,379 [pool-2-thread-1] ERROR   - Competitor results writen to preseeds topic : 80
ERROR [] Competitor results writen to preseeds topic : 80
313964 [pool-2-thread-1] ERROR   - Competitor results writen to preseeds topic : 80
2015-11-09 14:46:11,384 [pool-2-thread-1] ERROR   - Competitor results writen to preseeds topic : 81
ERROR [] Competitor results writen to preseeds topic : 81
313969 [pool-2-thread-1] ERROR   - Competitor results writen to preseeds topic : 81
2015-11-09 14:46:11,385 [pool-2-thread-1] ERROR   - Messages read : 24
ERROR [] Messages read : 24
313970 [pool-2-thread-1] ERROR   - Messages read : 24
search by Brand+MPN : "CR Laurence" RCAP2BS
search by title : "CRL Brushed Stainless 2in Glass Rail Standoff Cap Assembly"
quering by :"CR Laurence" RCAP2BS
7827145208618301811 titles:   Brushed Stainless 2" Glass Rail Standoff Cap Assemblyfrom 5+ stores
2015-11-09 14:46:18,912 [pool-2-thread-1] ERROR   - SEARCH TITLE : "CRL Brushed Stainless 2in Glass Rail Standoff Cap Assembly"
ERROR [] SEARCH TITLE : "CRL Brushed Stainless 2in Glass Rail Standoff Cap Assembly"
321497 [pool-2-thread-1] ERROR   - SEARCH TITLE : "CRL Brushed Stainless 2in Glass Rail Standoff Cap Assembly"
2015-11-09 14:46:18,913 [pool-2-thread-1] ERROR   - Messages with search results : 24
ERROR [] Messages with search results : 24
321498 [pool-2-thread-1] ERROR   - Messages with search results : 24
